Arguments: 
  C:\Program Files\nodejs\node.exe C:\Users\jarp\AppData\Roaming\npm\node_modules\yarn\bin\yarn.js init

PATH: 
  C:\Users\jarp\bin;C:\Users\jarp\Documents\cmder\bin;C:\Program Files\Git\bin;C:\Users\jarp\Documents\cmder\vendor\git-for-windows\mingw32\bin;C:\Users\jarp\Documents\cmder\vendor\git-for-windows\usr\local\bin;C:\Users\jarp\Documents\cmder\vendor\git-for-windows\usr\bin;C:\Users\jarp\Documents\cmder\vendor\git-for-windows\usr\bin;C:\Users\jarp\Documents\cmder\vendor\git-for-windows\mingw32\bin;C:\Users\jarp\Documents\cmder\vendor\git-for-windows\usr\bin;C:\Users\jarp\bin;C:\Users\jarp\Documents\cmder\vendor\conemu-maximus5\ConEmu\Scripts;C:\Users\jarp\Documents\cmder\vendor\conemu-maximus5;C:\Users\jarp\Documents\cmder\vendor\conemu-maximus5\ConEmu;C:\Program Files (x86)\Common Files\Oracle\Java\javapath;C:\ProgramData\Oracle\Java\javapath;C:\WINDOWS\system32;C:\WINDOWS;C:\WINDOWS\System32\Wbem;C:\WINDOWS\System32\WindowsPowerShell\v1.0;C:\Program Files (x86)\GtkSharp\2.12\bin;C:\Program Files\Dart\dart-sdk\bin;C:\WINDOWS\System32\OpenSSH;C:\Users\jarp\AppData\Local\LyX 2.3\Perl\bin;C:\Program Files\NVIDIA Corporation\NVIDIA NvDLISR;C:\Program Files\Microsoft VS Code\bin;C:\Program Files\dotnet;C:\Program Files (x86)\NVIDIA Corporation\PhysX\Common;C:\Program Files\Git\cmd;C:\WINDOWS\system32;C:\WINDOWS;C:\WINDOWS\System32\Wbem;C:\WINDOWS\System32\WindowsPowerShell\v1.0;C:\WINDOWS\System32\OpenSSH;C:\Program Files\nodejs;C:\Users\jarp\AppData\Local\Programs\Python\Python36\Scripts;C:\Users\jarp\AppData\Local\Programs\Python\Python36;C:\RailsInstaller\Git\cmd;C:\RailsInstaller\Ruby2.3.0\bin;C:\Ruby23\bin;C:\Ruby23-x64\bin;C:\Users\jarp\AppData\Local\Microsoft\WindowsApps;C:\Users\jarp\AppData\Local\atom\bin;C:\Program Files (x86)\Microsoft VS Code\bin;C:\flutter-sdk\flutter\bin;C:\Users\jarp\AppData\Local\Android\sdk\platform-tools;C:\Users\jarp\AppData\Local\Android\Sdk\tools;C:\Program Files\Android\Android Studio\gradle\gradle-4.1\bin;C:\Users\jarp\AppData\Local\GitHubDesktop\bin;C:\Users\jarp\AppData\Local\Programs\MiKTeX 2.9\miktex\bin\x64;C:\Users\jarp\AppData\Local\Microsoft\WindowsApps;C:\Program Files\CMake\bin;C:\Users\jarp\AppData\Local\Programs\Microsoft VS Code Insiders\bin;C:\Users\jarp\AppData\Roaming\npm;C:\Users\jarp\Documents\cmder;C:\Users\jarp\Documents\cmder\vendor\git-for-windows\usr\bin\vendor_perl;C:\Users\jarp\Documents\cmder\vendor\git-for-windows\usr\bin\core_perl

Yarn version: 
  1.17.3

Node version: 
  10.16.3

Platform: 
  win32 x64

Trace: 
  Error: canceled
      at Interface.<anonymous> (C:\Users\jarp\AppData\Roaming\npm\node_modules\yarn\lib\cli.js:136724:13)
      at Interface.emit (events.js:198:13)
      at Interface._ttyWrite (readline.js:801:16)
      at ReadStream.onkeypress (readline.js:184:10)
      at ReadStream.emit (events.js:198:13)
      at emitKeys (internal/readline.js:424:14)
      at emitKeys.next (<anonymous>)
      at ReadStream.onData (readline.js:1075:36)
      at ReadStream.emit (events.js:198:13)
      at addChunk (_stream_readable.js:288:12)

npm manifest: 
  No manifest

yarn manifest: 
  No manifest

Lockfile: 
  No lockfile
